[debug] [2023-12-15T05:17:54.369Z] ----------------------------------------------------------------------
[debug] [2023-12-15T05:17:54.372Z] Command:       C:\Program Files\nodejs\node.exe C:\Users\Mahmud Hassan Lehri\AppData\Roaming\npm\node_modules\firebase-tools\lib\bin\firebase.js init
[debug] [2023-12-15T05:17:54.372Z] CLI Version:   12.6.2
[debug] [2023-12-15T05:17:54.373Z] Platform:      win32
[debug] [2023-12-15T05:17:54.373Z] Node Version:  v20.8.0
[debug] [2023-12-15T05:17:54.373Z] Time:          Fri Dec 15 2023 11:17:54 GMT+0600 (Bangladesh Standard Time)
[debug] [2023-12-15T05:17:54.373Z] ----------------------------------------------------------------------
[debug] 
[debug] [2023-12-15T05:17:54.380Z] > command requires scopes: ["email","openid","https://www.googleapis.com/auth/cloudplatformprojects.readonly","https://www.googleapis.com/auth/firebase","https://www.googleapis.com/auth/cloud-platform"]
[debug] [2023-12-15T05:17:54.380Z] > authorizing via signed-in user (mahmudhassanlehri@gmail.com)
[info] 
     ######## #### ########  ######## ########     ###     ######  ########
     ##        ##  ##     ## ##       ##     ##  ##   ##  ##       ##
     ######    ##  ########  ######   ########  #########  ######  ######
     ##        ##  ##    ##  ##       ##     ## ##     ##       ## ##
     ##       #### ##     ## ######## ########  ##     ##  ######  ########

You're about to initialize a Firebase project in this directory:

  C:\myprojects\Next.js Projects\mhlehri

Before we get started, keep in mind:

  * You are currently outside your home directory

[info] 
=== Project Setup
[info] 
[info] First, let's associate this project directory with a Firebase project.
[info] You can create multiple project aliases by running firebase use --add, 
[info] but for now we'll just set up a default project.
[info] 
[debug] [2023-12-15T05:21:55.213Z] > refreshing access token with scopes: []
[debug] [2023-12-15T05:21:55.214Z] >>> [apiv2][query] POST https://www.googleapis.com/oauth2/v3/token [none]
[debug] [2023-12-15T05:21:55.215Z] >>> [apiv2][body] POST https://www.googleapis.com/oauth2/v3/token [omitted]
[debug] [2023-12-15T05:21:55.767Z] <<< [apiv2][status] POST https://www.googleapis.com/oauth2/v3/token 200
[debug] [2023-12-15T05:21:55.767Z] <<< [apiv2][body] POST https://www.googleapis.com/oauth2/v3/token [omitted]
[debug] [2023-12-15T05:21:55.774Z] >>> [apiv2][query] GET https://firebase.googleapis.com/v1beta1/projects pageSize=100
[debug] [2023-12-15T05:21:56.955Z] <<< [apiv2][status] GET https://firebase.googleapis.com/v1beta1/projects 200
[debug] [2023-12-15T05:21:56.955Z] <<< [apiv2][body] GET https://firebase.googleapis.com/v1beta1/projects [omitted]
